
OUTPUT FROM SOURCE COMPILED WITH: #define DEBUG

/home/allan/CLionProjects/ac/cmake-build-debug/ac -U FSA&^(Dfsa/Nfsa) ./ac.c

=============== BUILDING NEW FSA =================

PARSE INPUT STRING ...
   INSERT :     symtable[1] <- [FSA]
parse[I]
  vExpr[I]
    term[I]
      vFactor[I]
EMIT ID : []-index[1]->[FSA]
    term[^]
      vFactor[^]
      vFactor[(]
   INSERT :     symtable[2] <- [DFSA]
  vExpr[I]
    term[I]
      vFactor[I]
EMIT ID : []-index[2]->[DFSA]
   INSERT :     symtable[3] <- [NFSA]
  vExpr[I]
    term[I]
      vFactor[I]
EMIT ID : []-index[3]->[NFSA]
EMIT OP : [/ ~ ?]
EMIT OP : [^ ~ ?]
EMIT OP : [& ~ ?]
EMIT EOS: [NULL]
        ./ac.c

ENTER ...
        TerminalState[0x6453daa1c730], Index[1]-->[FSA]

ENTER ...
        TerminalState[0x6453daa1c870], Index[2]-->[DFSA]

ENTER ...
        TerminalState[0x6453daa1c9b0], Index[3]-->[NFSA]

DUMP OF STATE MACHINE TYPE NFSA ...

State: 0[D]
D -> 0x6453daa1c7a0
   State: 0x6453daa1c7a0 [ ]
   FAIL -> (nil)
   F    -> 0x6453daa1c7d0
      State: 0x6453daa1c7d0 [ ]
      FAIL      -> 0x6453daa1c6b0
      S -> 0x6453daa1c820
         State: 0x6453daa1c820 [ ]
         FAIL   -> 0x6453daa1c6e0
         A      -> 0x6453daa1c870
            State: 0x6453daa1c870 [ DFSA FSA ]
            FAIL        -> 0x6453daa1c730

State: 0[F]
F -> 0x6453daa1c6b0
   State: 0x6453daa1c6b0 [ ]
   FAIL -> (nil)
   S    -> 0x6453daa1c6e0
      State: 0x6453daa1c6e0 [ ]
      FAIL      -> (nil)
      A -> 0x6453daa1c730
         State: 0x6453daa1c730 [ FSA ]
         FAIL   -> (nil)

State: 0[N]
N -> 0x6453daa1c8e0
   State: 0x6453daa1c8e0 [ ]
   FAIL -> (nil)
   F    -> 0x6453daa1c910
      State: 0x6453daa1c910 [ ]
      FAIL      -> 0x6453daa1c6b0
      S -> 0x6453daa1c960
         State: 0x6453daa1c960 [ ]
         FAIL   -> 0x6453daa1c6e0
         A      -> 0x6453daa1c9b0
            State: 0x6453daa1c9b0 [ NFSA FSA ]
            FAIL        -> 0x6453daa1c730

DUMP OF STATE MACHINE TYPE DFSA ...

State: 0[D]
D -> 0x6453daa1c7a0
   State: 0x6453daa1c7a0 [ ]
   D    -> 0x6453daa1c7a0
   F    -> 0x6453daa1c7d0
      State: 0x6453daa1c7d0 [ ]
      D -> 0x6453daa1c7a0
      F -> 0x6453daa1c6b0
         State: 0x6453daa1c6b0 [ ]
         D      -> 0x6453daa1c7a0
         F      -> 0x6453daa1c6b0
         N      -> 0x6453daa1c8e0
            State: 0x6453daa1c8e0 [ ]
            D   -> 0x6453daa1c7a0
            F   -> 0x6453daa1c910
               State: 0x6453daa1c910 [ ]
               D        -> 0x6453daa1c7a0
               F        -> 0x6453daa1c6b0
               N        -> 0x6453daa1c8e0
               S        -> 0x6453daa1c960
                  State: 0x6453daa1c960 [ ]
                  A     -> 0x6453daa1c9b0
                     State: 0x6453daa1c9b0 [ NFSA FSA ]
                     D  -> 0x6453daa1c7a0
                     F  -> 0x6453daa1c6b0
                     N  -> 0x6453daa1c8e0
                  D     -> 0x6453daa1c7a0
                  F     -> 0x6453daa1c6b0
                  N     -> 0x6453daa1c8e0
            N   -> 0x6453daa1c8e0
         S      -> 0x6453daa1c6e0
            State: 0x6453daa1c6e0 [ ]
            A   -> 0x6453daa1c730
               State: 0x6453daa1c730 [ FSA ]
               D        -> 0x6453daa1c7a0
               F        -> 0x6453daa1c6b0
               N        -> 0x6453daa1c8e0
            D   -> 0x6453daa1c7a0
            F   -> 0x6453daa1c6b0
            N   -> 0x6453daa1c8e0
      N -> 0x6453daa1c8e0
      S -> 0x6453daa1c820
         State: 0x6453daa1c820 [ ]
         A      -> 0x6453daa1c870
            State: 0x6453daa1c870 [ DFSA FSA ]
            D   -> 0x6453daa1c7a0
            F   -> 0x6453daa1c6b0
            N   -> 0x6453daa1c8e0
         D      -> 0x6453daa1c7a0
         F      -> 0x6453daa1c6b0
         N      -> 0x6453daa1c8e0
   N    -> 0x6453daa1c8e0

State: 0[F]
F -> 0x6453daa1c6b0

State: 0[N]
N -> 0x6453daa1c8e0

-------------------------------------------------------
INPUT ...
<       [/*+1=================================FSA====================================*/]

RUN FSA ON INPUT ...

        MOVE  [(nil)] --(/)--> [(nil)]
        MOVE  [(nil)] --(*)--> [(nil)]
        MOVE  [(nil)] --(+)--> [(nil)]
        MOVE  [(nil)] --(1)--> [(nil)]
        MOVE  [(nil)] --(=)--> [(nil)]
        MOVE  [(nil)] --(=)--> [(nil)]
        MOVE  [(nil)] --(=)--> [(nil)]
        MOVE  [(nil)] --(=)--> [(nil)]
        MOVE  [(nil)] --(=)--> [(nil)]
        MOVE  [(nil)] --(=)--> [(nil)]
        MOVE  [(nil)] --(=)--> [(nil)]
        MOVE  [(nil)] --(=)--> [(nil)]
        MOVE  [(nil)] --(=)--> [(nil)]
        MOVE  [(nil)] --(=)--> [(nil)]
        MOVE  [(nil)] --(=)--> [(nil)]
        MOVE  [(nil)] --(=)--> [(nil)]
        MOVE  [(nil)] --(=)--> [(nil)]
        MOVE  [(nil)] --(=)--> [(nil)]
        MOVE  [(nil)] --(=)--> [(nil)]
        MOVE  [(nil)] --(=)--> [(nil)]
        MOVE  [(nil)] --(=)--> [(nil)]
        MOVE  [(nil)] --(=)--> [(nil)]
        MOVE  [(nil)] --(=)--> [(nil)]
        MOVE  [(nil)] --(=)--> [(nil)]
        MOVE  [(nil)] --(=)--> [(nil)]
        MOVE  [(nil)] --(=)--> [(nil)]
        MOVE  [(nil)] --(=)--> [(nil)]
        MOVE  [(nil)] --(=)--> [(nil)]
        MOVE  [(nil)] --(=)--> [(nil)]
        MOVE  [(nil)] --(=)--> [(nil)]
        MOVE  [(nil)] --(=)--> [(nil)]
        MOVE  [(nil)] --(=)--> [(nil)]
        MOVE  [(nil)] --(=)--> [(nil)]
        MOVE  [(nil)] --(=)--> [(nil)]
        MOVE  [(nil)] --(=)--> [(nil)]
        MOVE  [(nil)] --(=)--> [(nil)]
        MOVE  [(nil)] --(=)--> [(nil)]
        MOVE  [(nil)] --(F)--> [0x6453daa1c6b0]
        MOVE  [0x6453daa1c6b0] --(S)--> [0x6453daa1c6e0]
        MOVE  [0x6453daa1c6e0] --(A)--> [0x6453daa1c730]
                HIT lexeme [FSA]
        MOVE  [0x6453daa1c730] --(=)--> [(nil)]
        MOVE  [(nil)] --(=)--> [(nil)]
        MOVE  [(nil)] --(=)--> [(nil)]
        MOVE  [(nil)] --(=)--> [(nil)]
        MOVE  [(nil)] --(=)--> [(nil)]
        MOVE  [(nil)] --(=)--> [(nil)]
        MOVE  [(nil)] --(=)--> [(nil)]
        MOVE  [(nil)] --(=)--> [(nil)]
        MOVE  [(nil)] --(=)--> [(nil)]
        MOVE  [(nil)] --(=)--> [(nil)]
        MOVE  [(nil)] --(=)--> [(nil)]
        MOVE  [(nil)] --(=)--> [(nil)]
        MOVE  [(nil)] --(=)--> [(nil)]
        MOVE  [(nil)] --(=)--> [(nil)]
        MOVE  [(nil)] --(=)--> [(nil)]
        MOVE  [(nil)] --(=)--> [(nil)]
        MOVE  [(nil)] --(=)--> [(nil)]
        MOVE  [(nil)] --(=)--> [(nil)]
        MOVE  [(nil)] --(=)--> [(nil)]
        MOVE  [(nil)] --(=)--> [(nil)]
        MOVE  [(nil)] --(=)--> [(nil)]
        MOVE  [(nil)] --(=)--> [(nil)]
        MOVE  [(nil)] --(=)--> [(nil)]
        MOVE  [(nil)] --(=)--> [(nil)]
        MOVE  [(nil)] --(=)--> [(nil)]
        MOVE  [(nil)] --(=)--> [(nil)]
        MOVE  [(nil)] --(=)--> [(nil)]
        MOVE  [(nil)] --(=)--> [(nil)]
        MOVE  [(nil)] --(=)--> [(nil)]
        MOVE  [(nil)] --(=)--> [(nil)]
        MOVE  [(nil)] --(=)--> [(nil)]
        MOVE  [(nil)] --(=)--> [(nil)]
        MOVE  [(nil)] --(=)--> [(nil)]
        MOVE  [(nil)] --(=)--> [(nil)]
        MOVE  [(nil)] --(=)--> [(nil)]
        MOVE  [(nil)] --(=)--> [(nil)]
        MOVE  [(nil)] --(*)--> [(nil)]
        MOVE  [(nil)] --(/)--> [(nil)]

INTERPRET ...
Symboltable Boolean values :
        symtable[1] : FSA TRUE
        symtable[2] : DFSA FALSE
        symtable[3] : NFSA FALSE
Postfix Boolean evaluation :
        ID      FSA
        ID      DFSA
        ID      NFSA
        STACK   0->0    1->0
        OR      0->0
        STACK   0->0
        NOT     0->1
        STACK   0->1    1->1
        AND     0->1

OUTPUT ...
>       /*+1=================================FSA====================================*/

-------------------------------------------------------
INPUT ...
<       [/* MODULE                            AC.C                                   */]

RUN FSA ON INPUT ...

        MOVE  [(nil)] --(/)--> [(nil)]
        MOVE  [(nil)] --(*)--> [(nil)]
        MOVE  [(nil)] --( )--> [(nil)]
        MOVE  [(nil)] --(M)--> [(nil)]
        MOVE  [(nil)] --(O)--> [(nil)]
        MOVE  [(nil)] --(D)--> [0x6453daa1c7a0]
        MOVE  [0x6453daa1c7a0] --(U)--> [(nil)]
        MOVE  [(nil)] --(L)--> [(nil)]
        MOVE  [(nil)] --(E)--> [(nil)]
        MOVE  [(nil)] --( )--> [(nil)]
        MOVE  [(nil)] --( )--> [(nil)]
        MOVE  [(nil)] --( )--> [(nil)]
        MOVE  [(nil)] --( )--> [(nil)]
        MOVE  [(nil)] --( )--> [(nil)]
        MOVE  [(nil)] --( )--> [(nil)]
        MOVE  [(nil)] --( )--> [(nil)]
        MOVE  [(nil)] --( )--> [(nil)]
        MOVE  [(nil)] --( )--> [(nil)]
        MOVE  [(nil)] --( )--> [(nil)]
        MOVE  [(nil)] --( )--> [(nil)]
        MOVE  [(nil)] --( )--> [(nil)]
        MOVE  [(nil)] --( )--> [(nil)]
        MOVE  [(nil)] --( )--> [(nil)]
        MOVE  [(nil)] --( )--> [(nil)]
        MOVE  [(nil)] --( )--> [(nil)]
        MOVE  [(nil)] --( )--> [(nil)]
        MOVE  [(nil)] --( )--> [(nil)]
        MOVE  [(nil)] --( )--> [(nil)]
        MOVE  [(nil)] --( )--> [(nil)]
        MOVE  [(nil)] --( )--> [(nil)]
        MOVE  [(nil)] --( )--> [(nil)]
        MOVE  [(nil)] --( )--> [(nil)]
        MOVE  [(nil)] --( )--> [(nil)]
        MOVE  [(nil)] --( )--> [(nil)]
        MOVE  [(nil)] --( )--> [(nil)]
        MOVE  [(nil)] --( )--> [(nil)]
        MOVE  [(nil)] --( )--> [(nil)]
        MOVE  [(nil)] --(A)--> [(nil)]
        MOVE  [(nil)] --(C)--> [(nil)]
        MOVE  [(nil)] --(.)--> [(nil)]
        MOVE  [(nil)] --(C)--> [(nil)]
        MOVE  [(nil)] --( )--> [(nil)]
        MOVE  [(nil)] --( )--> [(nil)]
        MOVE  [(nil)] --( )--> [(nil)]
        MOVE  [(nil)] --( )--> [(nil)]
        MOVE  [(nil)] --( )--> [(nil)]
        MOVE  [(nil)] --( )--> [(nil)]
        MOVE  [(nil)] --( )--> [(nil)]
        MOVE  [(nil)] --( )--> [(nil)]
        MOVE  [(nil)] --( )--> [(nil)]
        MOVE  [(nil)] --( )--> [(nil)]
        MOVE  [(nil)] --( )--> [(nil)]
        MOVE  [(nil)] --( )--> [(nil)]
        MOVE  [(nil)] --( )--> [(nil)]
        MOVE  [(nil)] --( )--> [(nil)]
        MOVE  [(nil)] --( )--> [(nil)]
        MOVE  [(nil)] --( )--> [(nil)]
        MOVE  [(nil)] --( )--> [(nil)]
        MOVE  [(nil)] --( )--> [(nil)]
        MOVE  [(nil)] --( )--> [(nil)]
        MOVE  [(nil)] --( )--> [(nil)]
        MOVE  [(nil)] --( )--> [(nil)]
        MOVE  [(nil)] --( )--> [(nil)]
        MOVE  [(nil)] --( )--> [(nil)]
        MOVE  [(nil)] --( )--> [(nil)]
        MOVE  [(nil)] --( )--> [(nil)]
        MOVE  [(nil)] --( )--> [(nil)]
        MOVE  [(nil)] --( )--> [(nil)]
        MOVE  [(nil)] --( )--> [(nil)]
        MOVE  [(nil)] --( )--> [(nil)]
        MOVE  [(nil)] --( )--> [(nil)]
        MOVE  [(nil)] --( )--> [(nil)]
        MOVE  [(nil)] --( )--> [(nil)]
        MOVE  [(nil)] --( )--> [(nil)]
        MOVE  [(nil)] --( )--> [(nil)]
        MOVE  [(nil)] --( )--> [(nil)]
        MOVE  [(nil)] --(*)--> [(nil)]
        MOVE  [(nil)] --(/)--> [(nil)]

INTERPRET ...
Symboltable Boolean values :
        symtable[1] : FSA FALSE
        symtable[2] : DFSA FALSE
        symtable[3] : NFSA FALSE
Postfix Boolean evaluation :
        ID      FSA
        ID      DFSA
        ID      NFSA
        STACK   0->0    1->0
        OR      0->0
        STACK   0->0
        NOT     0->1
        STACK   0->1    1->0
        AND     0->0

-------------------------------------------------------
INPUT ...
<       [/*==========================================================================*/]



SOURCE COMPILED WITH: #undef DEBUG

/home/allan/CLionProjects/ac/cmake-build-debug/ac -U FSA&^(Dfsa/Nfsa) ./ac.c

/*+1=================================FSA====================================*/
*             AUTOMATON" (FSA) TO LOCATE ALL OCCURENCES OF ANY OF A NUMBER
* A PATTERN MATCHING MACHINE ALSO CALLED A "FINITE STATE AUTOMATON" (FSA)
TYPEDEF STRUCT TRANSITION {     /* FSA TRANSITION ELEMENT -----------  */
TYPEDEF STRUCT STATE {          /* FSA STATE ELEMENT ----------------- */
PRIVATE VOID    VDUMPFSA(INT TYPE);
        D(PRINTF("\N\N=============== BUILDING NEW FSA =================\N\N"));
                VDELFSA();
* CONSTRUCT A "FINITE STATE AUTOMATON" (FSA) FROM THE KEYWORDS IN SYMTABLE[]
*    3: DUMP OF FSA FOR DEBYGGING (OPTIONAL)
        /* 3: DUMP FSA FOR DEBUGGING (OPTIONAL) */
* CONSTRUCTION OF GOTO GRAPH DATA STRUCTURE FOR THE GOTO FUNCTION G OF FSA.
        /* 1: INITIALIZE FSA STATE 0 GO TRANSITION ARRAY TO : G(0,X) = FAIL */
*    2: RUN FSA ON INPUT-LINE <STR>, AND NOTE "HITS" ON KEYWORDS
*    3: EVALUATE BOOLEAN EXPRESSION, USING KEYWORD "HITS" FROM FSA-RUN
        /* 2: RUN FSA ON INPUT-LINE <STR> */
        D(PUTS("RUN FSA ON INPUT ...\N"));
        /* 3: EVALUATE BOOLEAN EXPRESSION, USING KEYWORD "HITS" FROM FSA-RUN */
/*   NAME   03.03           VDELFSA                                         */
VOID VDELFSA(VOID)
* DEALLOCATE WHOLE FSA STRUCTURE (FREE ALL NODE-LISTS FROM ASTATE0[])
} /* END FUNCTION VDELFSA() */
* DEALLOCATE ONE LIST OF NODES IN FSA STRUCTURE ...
* CHECK FOR A SPECIFIED FSA STATE IN THE QUEUE
/*   NAME   04.01           VDUMPFSA                                        */
VDUMPFSA(INT TYPE) {
} /* END FUNCTION VDUMPFSA() */

Process finished with exit code 1
